g:\aie_adv_dip_2014v2\ai\aieprojects-startertemplate\compilerjunk\project1debug\vc120.pdb
g:\aie_adv_dip_2014v2\ai\aieprojects-startertemplate\compilerjunk\project1debug\vc120.idb
g:\aie_adv_dip_2014v2\ai\aieprojects-startertemplate\compilerjunk\project1debug\main.obj
g:\aie_adv_dip_2014v2\ai\aieprojects-startertemplate\compilerjunk\project1debug\game1.obj
g:\aie_adv_dip_2014v2\ai\aieprojects-startertemplate\compilerjunk\project1debug\edge.obj
g:\aie_adv_dip_2014v2\ai\aieprojects-startertemplate\compilerjunk\project1debug\graph.obj
g:\aie_adv_dip_2014v2\ai\aieprojects-startertemplate\compilerjunk\project1debug\node.obj
g:\aie_adv_dip_2014v2\ai\aieprojects-startertemplate\compilerjunk\project1debug\vector.obj
g:\aie_adv_dip_2014v2\ai\graphexercises\compilerjunk\project1debug\vc120.pdb
g:\aie_adv_dip_2014v2\ai\graphexercises\compilerjunk\project1debug\vc120.idb
g:\aie_adv_dip_2014v2\ai\graphexercises\compilerjunk\project1debug\main.obj
g:\aie_adv_dip_2014v2\ai\graphexercises\compilerjunk\project1debug\edge.obj
g:\aie_adv_dip_2014v2\ai\graphexercises\compilerjunk\project1debug\game1.obj
g:\aie_adv_dip_2014v2\ai\graphexercises\compilerjunk\project1debug\graph.obj
g:\aie_adv_dip_2014v2\ai\graphexercises\compilerjunk\project1debug\node.obj
g:\aie_adv_dip_2014v2\ai\graphexercises\compilerjunk\project1debug\vector.obj
g:\aie_adv_dip_2014v2\game_ai\graphexercises\compilerjunk\project1debug\vc120.pdb
g:\aie_adv_dip_2014v2\game_ai\graphexercises\compilerjunk\project1debug\vc120.idb
g:\aie_adv_dip_2014v2\game_ai\graphexercises\compilerjunk\project1debug\main.obj
g:\aie_adv_dip_2014v2\game_ai\graphexercises\compilerjunk\project1debug\edge.obj
g:\aie_adv_dip_2014v2\game_ai\graphexercises\compilerjunk\project1debug\game1.obj
g:\aie_adv_dip_2014v2\game_ai\graphexercises\compilerjunk\project1debug\graph.obj
g:\aie_adv_dip_2014v2\game_ai\graphexercises\compilerjunk\project1debug\node.obj
g:\aie_adv_dip_2014v2\game_ai\graphexercises\compilerjunk\project1debug\vector.obj
g:\aie_adv_dip_2014v2\ai\aieprojects-startertemplate\compiled\project1debug\project1.ilk
g:\aie_adv_dip_2014v2\ai\aieprojects-startertemplate\compiled\project1debug\project1.exe
g:\aie_adv_dip_2014v2\ai\aieprojects-startertemplate\compiled\project1debug\project1.pdb
g:\aie_adv_dip_2014v2\ai\graphexercises\compiled\project1debug\project1.ilk
g:\aie_adv_dip_2014v2\ai\graphexercises\compiled\project1debug\project1.exe
g:\aie_adv_dip_2014v2\ai\graphexercises\compiled\project1debug\project1.pdb
g:\aie_adv_dip_2014v2\game_ai\graphexercises\compiled\project1debug\project1.ilk
g:\aie_adv_dip_2014v2\game_ai\graphexercises\compiled\project1debug\project1.exe
g:\aie_adv_dip_2014v2\game_ai\graphexercises\compiled\project1debug\project1.pdb
g:\aie_adv_dip_2014v2\game_ai\graphexercises\compilerjunk\project1debug\project1.tlog\cl.command.1.tlog
g:\aie_adv_dip_2014v2\game_ai\graphexercises\compilerjunk\project1debug\project1.tlog\cl.read.1.tlog
g:\aie_adv_dip_2014v2\game_ai\graphexercises\compilerjunk\project1debug\project1.tlog\cl.write.1.tlog
g:\aie_adv_dip_2014v2\game_ai\graphexercises\compilerjunk\project1debug\project1.tlog\link.command.1.tlog
g:\aie_adv_dip_2014v2\game_ai\graphexercises\compilerjunk\project1debug\project1.tlog\link.read.1.tlog
g:\aie_adv_dip_2014v2\game_ai\graphexercises\compilerjunk\project1debug\project1.tlog\link.write.1.tlog
