g:\aie_adv_dip_2014v2\ai\aieprojects-startertemplate\compilerjunk\aie_gl_ddebug\vc120.pdb
g:\aie_adv_dip_2014v2\ai\aieprojects-startertemplate\compilerjunk\aie_gl_ddebug\vc120.idb
g:\aie_adv_dip_2014v2\ai\aieprojects-startertemplate\compilerjunk\aie_gl_ddebug\application.obj
g:\aie_adv_dip_2014v2\ai\aieprojects-startertemplate\compilerjunk\aie_gl_ddebug\font.obj
g:\aie_adv_dip_2014v2\ai\aieprojects-startertemplate\compilerjunk\aie_gl_ddebug\input.obj
g:\aie_adv_dip_2014v2\ai\aieprojects-startertemplate\compilerjunk\aie_gl_ddebug\lodepng.obj
g:\aie_adv_dip_2014v2\ai\aieprojects-startertemplate\compilerjunk\aie_gl_ddebug\rendertexture.obj
g:\aie_adv_dip_2014v2\ai\aieprojects-startertemplate\compilerjunk\aie_gl_ddebug\spritebatch.obj
g:\aie_adv_dip_2014v2\ai\aieprojects-startertemplate\compilerjunk\aie_gl_ddebug\spritebatch_gl3.obj
g:\aie_adv_dip_2014v2\ai\aieprojects-startertemplate\compilerjunk\aie_gl_ddebug\texture.obj
g:\aie_adv_dip_2014v2\ai\graphexercises\compilerjunk\aie_gl_ddebug\vc120.pdb
g:\aie_adv_dip_2014v2\ai\graphexercises\compilerjunk\aie_gl_ddebug\vc120.idb
g:\aie_adv_dip_2014v2\ai\graphexercises\compilerjunk\aie_gl_ddebug\application.obj
g:\aie_adv_dip_2014v2\ai\graphexercises\compilerjunk\aie_gl_ddebug\font.obj
g:\aie_adv_dip_2014v2\ai\graphexercises\compilerjunk\aie_gl_ddebug\input.obj
g:\aie_adv_dip_2014v2\ai\graphexercises\compilerjunk\aie_gl_ddebug\lodepng.obj
g:\aie_adv_dip_2014v2\ai\graphexercises\compilerjunk\aie_gl_ddebug\rendertexture.obj
g:\aie_adv_dip_2014v2\ai\graphexercises\compilerjunk\aie_gl_ddebug\spritebatch.obj
g:\aie_adv_dip_2014v2\ai\graphexercises\compilerjunk\aie_gl_ddebug\spritebatch_gl3.obj
g:\aie_adv_dip_2014v2\ai\graphexercises\compilerjunk\aie_gl_ddebug\texture.obj
g:\aie_adv_dip_2014v2\game_ai\graphexercises\compilerjunk\aie_gl_ddebug\vc120.pdb
g:\aie_adv_dip_2014v2\game_ai\graphexercises\compilerjunk\aie_gl_ddebug\vc120.idb
g:\aie_adv_dip_2014v2\game_ai\graphexercises\compilerjunk\aie_gl_ddebug\application.obj
g:\aie_adv_dip_2014v2\game_ai\graphexercises\compilerjunk\aie_gl_ddebug\font.obj
g:\aie_adv_dip_2014v2\game_ai\graphexercises\compilerjunk\aie_gl_ddebug\input.obj
g:\aie_adv_dip_2014v2\game_ai\graphexercises\compilerjunk\aie_gl_ddebug\lodepng.obj
g:\aie_adv_dip_2014v2\game_ai\graphexercises\compilerjunk\aie_gl_ddebug\rendertexture.obj
g:\aie_adv_dip_2014v2\game_ai\graphexercises\compilerjunk\aie_gl_ddebug\spritebatch.obj
g:\aie_adv_dip_2014v2\game_ai\graphexercises\compilerjunk\aie_gl_ddebug\spritebatch_gl3.obj
g:\aie_adv_dip_2014v2\game_ai\graphexercises\compilerjunk\aie_gl_ddebug\texture.obj
g:\aie_adv_dip_2014v2\ai\aieprojects-startertemplate\aie_gl\bin\aie_gl_d.lib
g:\aie_adv_dip_2014v2\ai\graphexercises\aie_gl\bin\aie_gl_d.lib
g:\aie_adv_dip_2014v2\game_ai\graphexercises\aie_gl\bin\aie_gl_d.lib
g:\aie_adv_dip_2014v2\game_ai\graphexercises\compilerjunk\aie_gl_ddebug\aie_gl.tlog\cl.command.1.tlog
g:\aie_adv_dip_2014v2\game_ai\graphexercises\compilerjunk\aie_gl_ddebug\aie_gl.tlog\cl.read.1.tlog
g:\aie_adv_dip_2014v2\game_ai\graphexercises\compilerjunk\aie_gl_ddebug\aie_gl.tlog\cl.write.1.tlog
g:\aie_adv_dip_2014v2\game_ai\graphexercises\compilerjunk\aie_gl_ddebug\aie_gl.tlog\lib-link.read.1.tlog
g:\aie_adv_dip_2014v2\game_ai\graphexercises\compilerjunk\aie_gl_ddebug\aie_gl.tlog\lib-link.write.1.tlog
g:\aie_adv_dip_2014v2\game_ai\graphexercises\compilerjunk\aie_gl_ddebug\aie_gl.tlog\lib.command.1.tlog
